which: no hadoop in (/opt/mvapich2/intel/ib/bin:/opt/intel/2018.1.163/compilers_and_libraries_2018.1.163/linux/bin/intel64:/usr/lib64/qt-3.3/bin:/usr/local/bin:/bin:/usr/bin:/usr/bin:/usr/local/sbin:/usr/sbin:/opt/sdsc/bin:/opt/sdsc/sbin:/opt/ibutils/bin:/opt/pdsh/bin:/opt/rocks/bin:/opt/rocks/sbin:/home/mxm9337/bin)
20/04/16 14:15:44 INFO pig.ExecTypeProvider: Trying ExecType : LOCAL
20/04/16 14:15:44 INFO pig.ExecTypeProvider: Picked LOCAL as the ExecType
2020-04-16 14:15:44,444 [main] INFO  org.apache.pig.Main - Apache Pig version 0.16.0 (r1746530) compiled Jun 01 2016, 23:09:59
2020-04-16 14:15:44,444 [main] INFO  org.apache.pig.Main - Logging error messages to: /home/mxm9337/project6/pig_1587071744441.log
2020-04-16 14:15:44,619 [main] INFO  org.apache.pig.impl.util.Utils - Default bootup file /home/mxm9337/.pigbootup not found
2020-04-16 14:15:44,769 [main] INFO  org.apache.pig.backend.hadoop.executionengine.HExecutionEngine - Connecting to hadoop file system at: file:///
2020-04-16 14:15:44,823 [main] INFO  org.apache.pig.PigServer - Pig Script ID for the session: 
2020-04-16 14:15:44,823 [main] WARN  org.apache.pig.PigServer - ATS is disabled since yarn.timeline-service.enabled set to false
2020-04-16 14:15:45,578 [main] INFO  org.apache.pig.tools.pigstats.ScriptState - Pig features used in the script: GROUP_BY,ORDER_BY,UNION
2020-04-16 14:15:45,736 [main] INFO  org.apache.pig.newplan.logical.optimizer.LogicalPlanOptimizer - {RULES_ENABLED=[AddForEach, ColumnMapKeyPrune, ConstantCalculator, GroupByConstParallelSetter, LimitOptimizer, LoadTypeCastInserter, MergeFilter, MergeForEach, PartitionFilterOptimizer, PredicatePushdownOptimizer, PushDownForEachFlatten, PushUpFilter, SplitFilter, StreamTypeCastInserter]}
2020-04-16 14:15:45,800 [main] INFO  org.apache.pig.impl.util.SpillableMemoryManager - Selected heap (Tenured Gen) of size 699072512 to monitor. collectionUsageThreshold = 489350752, usageThreshold = 489350752
2020-04-16 14:15:45,822 [main] WARN  org.apache.hadoop.util.NativeCodeLoader - Unable to load native-hadoop library for your platform... using builtin-java classes where applicable
2020-04-16 14:15:45,858 [main] INFO  org.apache.pig.backend.hadoop.executionengine.mapReduceLayer.MRCompiler - File concatenation threshold: 100 optimistic? false
2020-04-16 14:15:45,873 [main] INFO  org.apache.pig.backend.hadoop.executionengine.util.CombinerOptimizerUtil - Choosing to move algebraic foreach to combiner
2020-04-16 14:15:45,882 [main] INFO  org.apache.pig.backend.hadoop.executionengine.util.CombinerOptimizerUtil - Choosing to move algebraic foreach to combiner
2020-04-16 14:15:45,886 [main] INFO  org.apache.pig.backend.hadoop.executionengine.util.CombinerOptimizerUtil - Choosing to move algebraic foreach to combiner
2020-04-16 14:15:45,897 [main] INFO  org.apache.pig.backend.hadoop.executionengine.mapReduceLayer.SecondaryKeyOptimizerMR - Using Secondary Key Optimization for MapReduce node scope-73
2020-04-16 14:15:45,911 [main] INFO  org.apache.pig.backend.hadoop.executionengine.mapReduceLayer.MultiQueryOptimizer - MR plan size before optimization: 7
2020-04-16 14:15:45,913 [main] INFO  org.apache.pig.backend.hadoop.executionengine.mapReduceLayer.MultiQueryOptimizer - Merged MR job 59 into MR job 56
2020-04-16 14:15:45,913 [main] INFO  org.apache.pig.backend.hadoop.executionengine.mapReduceLayer.MultiQueryOptimizer - Merged MR job 61 into MR job 56
2020-04-16 14:15:45,913 [main] INFO  org.apache.pig.backend.hadoop.executionengine.mapReduceLayer.MultiQueryOptimizer - Merged MR job 63 into MR job 56
2020-04-16 14:15:45,913 [main] INFO  org.apache.pig.backend.hadoop.executionengine.mapReduceLayer.MultiQueryOptimizer - Requested parallelism of splitter: -1
2020-04-16 14:15:45,913 [main] INFO  org.apache.pig.backend.hadoop.executionengine.mapReduceLayer.MultiQueryOptimizer - Merged 3 map-reduce splittees.
2020-04-16 14:15:45,913 [main] INFO  org.apache.pig.backend.hadoop.executionengine.mapReduceLayer.MultiQueryOptimizer - Merged 3 out of total 4 MR operators.
2020-04-16 14:15:45,913 [main] INFO  org.apache.pig.backend.hadoop.executionengine.mapReduceLayer.MultiQueryOptimizer - MR plan size after optimization: 4
2020-04-16 14:15:45,999 [main] INFO  org.apache.pig.tools.pigstats.mapreduce.MRScriptState - Pig script settings are added to the job
2020-04-16 14:15:46,025 [main] INFO  org.apache.pig.backend.hadoop.executionengine.mapReduceLayer.JobControlCompiler - mapred.job.reduce.markreset.buffer.percent is not set, set to default 0.3
2020-04-16 14:15:46,027 [main] INFO  org.apache.pig.backend.hadoop.executionengine.mapReduceLayer.JobControlCompiler - Reduce phase detected, estimating # of required reducers.
2020-04-16 14:15:46,027 [main] INFO  org.apache.pig.backend.hadoop.executionengine.mapReduceLayer.JobControlCompiler - Using reducer estimator: org.apache.pig.backend.hadoop.executionengine.mapReduceLayer.InputSizeReducerEstimator
2020-04-16 14:15:46,031 [main] INFO  org.apache.pig.backend.hadoop.executionengine.mapReduceLayer.InputSizeReducerEstimator - BytesPerReducer=1000000000 maxReducers=999 totalInputFileSize=1062
2020-04-16 14:15:46,031 [main] INFO  org.apache.pig.backend.hadoop.executionengine.mapReduceLayer.JobControlCompiler - Setting Parallelism to 1
2020-04-16 14:15:46,047 [main] INFO  org.apache.pig.backend.hadoop.executionengine.mapReduceLayer.JobControlCompiler - Setting up multi store job
2020-04-16 14:15:46,051 [main] INFO  org.apache.pig.data.SchemaTupleFrontend - Key [pig.schematuple] is false, will not generate code.
2020-04-16 14:15:46,051 [main] INFO  org.apache.pig.data.SchemaTupleFrontend - Starting process to move generated code to distributed cacche
2020-04-16 14:15:46,051 [main] INFO  org.apache.pig.data.SchemaTupleFrontend - Distributed cache not supported or needed in local mode. Setting key [pig.schematuple.local.dir] with code temp directory: /tmp/1587071746051-0
2020-04-16 14:15:46,206 [main] INFO  org.apache.pig.backend.hadoop.executionengine.mapReduceLayer.MapReduceLauncher - 1 map-reduce job(s) waiting for submission.
2020-04-16 14:15:46,246 [JobControl] WARN  org.apache.hadoop.mapred.JobClient - No job jar file set.  User classes may not be found. See JobConf(Class) or JobConf#setJar(String).
2020-04-16 14:15:46,282 [JobControl] INFO  org.apache.pig.builtin.PigStorage - Using PigTextInputFormat
2020-04-16 14:15:46,283 [JobControl] INFO  org.apache.hadoop.mapreduce.lib.input.FileInputFormat - Total input paths to process : 1
2020-04-16 14:15:46,284 [JobControl] INFO  org.apache.pig.backend.hadoop.executionengine.util.MapRedUtil - Total input paths to process : 1
2020-04-16 14:15:46,288 [JobControl] WARN  org.apache.hadoop.io.compress.snappy.LoadSnappy - Snappy native library is available
2020-04-16 14:15:46,288 [JobControl] WARN  org.apache.hadoop.io.compress.snappy.LoadSnappy - Snappy native library not loaded
2020-04-16 14:15:46,298 [JobControl] INFO  org.apache.pig.backend.hadoop.executionengine.util.MapRedUtil - Total input paths (combined) to process : 1
2020-04-16 14:15:46,643 [Thread-3] INFO  org.apache.hadoop.util.ProcessTree - setsid exited with exit code 0
2020-04-16 14:15:46,647 [Thread-3] INFO  org.apache.hadoop.mapred.Task -  Using ResourceCalculatorPlugin : org.apache.hadoop.util.LinuxResourceCalculatorPlugin@19d93e9c
2020-04-16 14:15:46,654 [Thread-3] INFO  org.apache.pig.builtin.PigStorage - Using PigTextInputFormat
2020-04-16 14:15:46,655 [Thread-3] INFO  org.apache.pig.backend.hadoop.executionengine.mapReduceLayer.PigRecordReader - Current split being processed file:/home/mxm9337/project6/pixels-small.txt:0+1062
2020-04-16 14:15:46,679 [Thread-3] INFO  org.apache.hadoop.mapred.MapTask - io.sort.mb = 100
2020-04-16 14:15:46,720 [main] INFO  org.apache.pig.backend.hadoop.executionengine.mapReduceLayer.MapReduceLauncher - HadoopJobId: job_local_0001
2020-04-16 14:15:46,720 [main] INFO  org.apache.pig.backend.hadoop.executionengine.mapReduceLayer.MapReduceLauncher - Processing aliases B,G,R,blue_pixels,green_pixels,pixels,red_pixels
2020-04-16 14:15:46,720 [main] INFO  org.apache.pig.backend.hadoop.executionengine.mapReduceLayer.MapReduceLauncher - detailed locations: M: pixels[1,9],pixels[-1,-1],R[-1,-1],red_pixels[3,13],G[-1,-1],green_pixels[4,15],B[-1,-1],blue_pixels[5,14] C: R[-1,-1],red_pixels[3,13],G[-1,-1],green_pixels[4,15],B[-1,-1],blue_pixels[5,14] R: R[-1,-1],G[-1,-1],B[-1,-1]
2020-04-16 14:15:46,722 [main] INFO  org.apache.pig.backend.hadoop.executionengine.mapReduceLayer.MapReduceLauncher - 0% complete
2020-04-16 14:15:46,722 [main] INFO  org.apache.pig.backend.hadoop.executionengine.mapReduceLayer.MapReduceLauncher - Running jobs are [job_local_0001]
2020-04-16 14:15:46,757 [Thread-3] INFO  org.apache.hadoop.mapred.MapTask - data buffer = 79691776/99614720
2020-04-16 14:15:46,758 [Thread-3] INFO  org.apache.hadoop.mapred.MapTask - record buffer = 262144/327680
2020-04-16 14:15:46,773 [Thread-3] INFO  org.apache.pig.impl.util.SpillableMemoryManager - Selected heap (Tenured Gen) of size 699072512 to monitor. collectionUsageThreshold = 489350752, usageThreshold = 489350752
2020-04-16 14:15:46,774 [Thread-3] INFO  org.apache.pig.data.SchemaTupleBackend - Key [pig.schematuple] was not set... will not generate code.
2020-04-16 14:15:46,811 [Thread-3] INFO  org.apache.pig.backend.hadoop.executionengine.mapReduceLayer.PigGenericMapReduce$Map - Aliases being processed per job phase (AliasName[line,offset]): M: pixels[1,9],pixels[-1,-1],R[-1,-1],red_pixels[3,13],G[-1,-1],green_pixels[4,15],B[-1,-1],blue_pixels[5,14] C: R[-1,-1],red_pixels[3,13],G[-1,-1],green_pixels[4,15],B[-1,-1],blue_pixels[5,14] R: R[-1,-1],G[-1,-1],B[-1,-1]
2020-04-16 14:15:46,865 [Thread-3] INFO  org.apache.hadoop.mapred.MapTask - Starting flush of map output
2020-04-16 14:15:46,901 [Thread-3] INFO  org.apache.pig.backend.hadoop.executionengine.mapReduceLayer.PigCombiner$Combine - Aliases being processed per job phase (AliasName[line,offset]): M: pixels[1,9],pixels[-1,-1],R[-1,-1],red_pixels[3,13],G[-1,-1],green_pixels[4,15],B[-1,-1],blue_pixels[5,14] C: R[-1,-1],red_pixels[3,13],G[-1,-1],green_pixels[4,15],B[-1,-1],blue_pixels[5,14] R: R[-1,-1],G[-1,-1],B[-1,-1]
2020-04-16 14:15:46,979 [Thread-3] INFO  org.apache.hadoop.mapred.MapTask - Finished spill 0
2020-04-16 14:15:46,981 [Thread-3] INFO  org.apache.hadoop.mapred.Task - Task:attempt_local_0001_m_000000_0 is done. And is in the process of commiting
2020-04-16 14:15:49,566 [Thread-3] INFO  org.apache.hadoop.mapred.LocalJobRunner - 
2020-04-16 14:15:49,566 [Thread-3] INFO  org.apache.hadoop.mapred.Task - Task 'attempt_local_0001_m_000000_0' done.
2020-04-16 14:15:49,582 [Thread-3] INFO  org.apache.hadoop.mapred.Task -  Using ResourceCalculatorPlugin : org.apache.hadoop.util.LinuxResourceCalculatorPlugin@7d31edb9
2020-04-16 14:15:49,582 [Thread-3] INFO  org.apache.hadoop.mapred.LocalJobRunner - 
2020-04-16 14:15:49,585 [Thread-3] INFO  org.apache.hadoop.mapred.Merger - Merging 1 sorted segments
2020-04-16 14:15:49,590 [Thread-3] INFO  org.apache.hadoop.mapred.Merger - Down to the last merge-pass, with 1 segments left of total size: 3392 bytes
2020-04-16 14:15:49,590 [Thread-3] INFO  org.apache.hadoop.mapred.LocalJobRunner - 
2020-04-16 14:15:49,602 [Thread-3] INFO  org.apache.pig.impl.util.SpillableMemoryManager - Selected heap (Tenured Gen) of size 699072512 to monitor. collectionUsageThreshold = 489350752, usageThreshold = 489350752
2020-04-16 14:15:49,602 [Thread-3] WARN  org.apache.pig.data.SchemaTupleBackend - SchemaTupleBackend has already been initialized
2020-04-16 14:15:49,618 [Thread-3] INFO  org.apache.pig.backend.hadoop.executionengine.mapReduceLayer.PigMapReduce$Reduce - Aliases being processed per job phase (AliasName[line,offset]): M: pixels[1,9],pixels[-1,-1],R[-1,-1],red_pixels[3,13],G[-1,-1],green_pixels[4,15],B[-1,-1],blue_pixels[5,14] C: R[-1,-1],red_pixels[3,13],G[-1,-1],green_pixels[4,15],B[-1,-1],blue_pixels[5,14] R: R[-1,-1],G[-1,-1],B[-1,-1]
2020-04-16 14:15:49,660 [Thread-3] INFO  org.apache.hadoop.mapred.Task - Task:attempt_local_0001_r_000000_0 is done. And is in the process of commiting
2020-04-16 14:15:49,670 [Thread-3] INFO  org.apache.hadoop.mapred.LocalJobRunner - 
2020-04-16 14:15:49,670 [Thread-3] INFO  org.apache.hadoop.mapred.Task - Task attempt_local_0001_r_000000_0 is allowed to commit now
2020-04-16 14:15:49,686 [Thread-3] INFO  org.apache.hadoop.mapreduce.lib.output.FileOutputCommitter - Saved output of task 'attempt_local_0001_r_000000_0' to file:/tmp/temp-547735358/tmp-1550108845
2020-04-16 14:15:49,687 [Thread-3] INFO  org.apache.hadoop.mapreduce.lib.output.FileOutputCommitter - Saved output of task 'attempt_local_0001_r_000000_0' to file:/tmp/temp-547735358/tmp-797904456
2020-04-16 14:15:49,688 [Thread-3] INFO  org.apache.hadoop.mapreduce.lib.output.FileOutputCommitter - Saved output of task 'attempt_local_0001_r_000000_0' to file:/tmp/temp-547735358/tmp1477075806
2020-04-16 14:15:49,724 [main] INFO  org.apache.pig.backend.hadoop.executionengine.mapReduceLayer.MapReduceLauncher - 12% complete
2020-04-16 14:15:49,724 [main] INFO  org.apache.pig.backend.hadoop.executionengine.mapReduceLayer.MapReduceLauncher - Running jobs are [job_local_0001]
2020-04-16 14:15:52,593 [Thread-3] INFO  org.apache.hadoop.mapred.LocalJobRunner - reduce > reduce
2020-04-16 14:15:52,593 [Thread-3] INFO  org.apache.hadoop.mapred.Task - Task 'attempt_local_0001_r_000000_0' done.
2020-04-16 14:15:52,725 [main] INFO  org.apache.pig.backend.hadoop.executionengine.mapReduceLayer.MapReduceLauncher - 25% complete
2020-04-16 14:15:52,730 [main] INFO  org.apache.pig.tools.pigstats.mapreduce.MRScriptState - Pig script settings are added to the job
2020-04-16 14:15:52,730 [main] INFO  org.apache.pig.backend.hadoop.executionengine.mapReduceLayer.JobControlCompiler - mapred.job.reduce.markreset.buffer.percent is not set, set to default 0.3
2020-04-16 14:15:52,732 [main] INFO  org.apache.pig.backend.hadoop.executionengine.mapReduceLayer.JobControlCompiler - Setting up single store job
2020-04-16 14:15:52,737 [main] INFO  org.apache.pig.backend.hadoop.executionengine.mapReduceLayer.MapReduceLauncher - 1 map-reduce job(s) waiting for submission.
2020-04-16 14:15:52,763 [JobControl] WARN  org.apache.hadoop.mapred.JobClient - No job jar file set.  User classes may not be found. See JobConf(Class) or JobConf#setJar(String).
2020-04-16 14:15:52,786 [JobControl] INFO  org.apache.hadoop.mapreduce.lib.input.FileInputFormat - Total input paths to process : 1
2020-04-16 14:15:52,786 [JobControl] INFO  org.apache.pig.backend.hadoop.executionengine.util.MapRedUtil - Total input paths to process : 1
2020-04-16 14:15:52,786 [JobControl] INFO  org.apache.pig.backend.hadoop.executionengine.util.MapRedUtil - Total input paths (combined) to process : 1
2020-04-16 14:15:52,789 [JobControl] INFO  org.apache.hadoop.mapreduce.lib.input.FileInputFormat - Total input paths to process : 1
2020-04-16 14:15:52,789 [JobControl] INFO  org.apache.pig.backend.hadoop.executionengine.util.MapRedUtil - Total input paths to process : 1
2020-04-16 14:15:52,789 [JobControl] INFO  org.apache.pig.backend.hadoop.executionengine.util.MapRedUtil - Total input paths (combined) to process : 1
2020-04-16 14:15:52,791 [JobControl] INFO  org.apache.hadoop.mapreduce.lib.input.FileInputFormat - Total input paths to process : 1
2020-04-16 14:15:52,791 [JobControl] INFO  org.apache.pig.backend.hadoop.executionengine.util.MapRedUtil - Total input paths to process : 1
2020-04-16 14:15:52,792 [JobControl] INFO  org.apache.pig.backend.hadoop.executionengine.util.MapRedUtil - Total input paths (combined) to process : 1
2020-04-16 14:15:52,843 [Thread-9] INFO  org.apache.hadoop.mapred.Task -  Using ResourceCalculatorPlugin : org.apache.hadoop.util.LinuxResourceCalculatorPlugin@59dcdbc2
2020-04-16 14:15:52,861 [Thread-9] INFO  org.apache.pig.backend.hadoop.executionengine.mapReduceLayer.PigRecordReader - Current split being processed file:/tmp/temp-547735358/tmp1477075806/part-r-00000:0+832
2020-04-16 14:15:52,868 [Thread-9] INFO  org.apache.pig.impl.util.SpillableMemoryManager - Selected heap (Tenured Gen) of size 699072512 to monitor. collectionUsageThreshold = 489350752, usageThreshold = 489350752
2020-04-16 14:15:52,868 [Thread-9] WARN  org.apache.pig.data.SchemaTupleBackend - SchemaTupleBackend has already been initialized
2020-04-16 14:15:52,871 [Thread-9] INFO  org.apache.pig.backend.hadoop.executionengine.mapReduceLayer.PigMapOnly$Map - Aliases being processed per job phase (AliasName[line,offset]): M: RGB[16,6] C:  R: 
2020-04-16 14:15:52,876 [Thread-9] INFO  org.apache.hadoop.mapred.Task - Task:attempt_local_0002_m_000000_0 is done. And is in the process of commiting
2020-04-16 14:15:52,877 [Thread-9] INFO  org.apache.hadoop.mapred.LocalJobRunner - 
2020-04-16 14:15:52,877 [Thread-9] INFO  org.apache.hadoop.mapred.Task - Task attempt_local_0002_m_000000_0 is allowed to commit now
2020-04-16 14:15:52,878 [Thread-9] INFO  org.apache.hadoop.mapreduce.lib.output.FileOutputCommitter - Saved output of task 'attempt_local_0002_m_000000_0' to file:/tmp/temp-547735358/tmp600427872
2020-04-16 14:15:53,260 [main] INFO  org.apache.pig.backend.hadoop.executionengine.mapReduceLayer.MapReduceLauncher - HadoopJobId: job_local_0002
2020-04-16 14:15:53,260 [main] INFO  org.apache.pig.backend.hadoop.executionengine.mapReduceLayer.MapReduceLauncher - Processing aliases RGB
2020-04-16 14:15:53,260 [main] INFO  org.apache.pig.backend.hadoop.executionengine.mapReduceLayer.MapReduceLauncher - detailed locations: M: RGB[16,6] C:  R: 
2020-04-16 14:15:55,875 [communication thread] INFO  org.apache.hadoop.mapred.LocalJobRunner - 
2020-04-16 14:15:55,880 [Thread-9] INFO  org.apache.hadoop.mapred.LocalJobRunner - 
2020-04-16 14:15:55,880 [Thread-9] INFO  org.apache.hadoop.mapred.Task - Task 'attempt_local_0002_m_000000_0' done.
2020-04-16 14:15:55,885 [Thread-9] INFO  org.apache.hadoop.mapred.Task -  Using ResourceCalculatorPlugin : org.apache.hadoop.util.LinuxResourceCalculatorPlugin@7adff17e
2020-04-16 14:15:55,887 [Thread-9] INFO  org.apache.pig.backend.hadoop.executionengine.mapReduceLayer.PigRecordReader - Current split being processed file:/tmp/temp-547735358/tmp-797904456/part-r-00000:0+815
2020-04-16 14:15:55,888 [Thread-9] INFO  org.apache.pig.impl.util.SpillableMemoryManager - Selected heap (Tenured Gen) of size 699072512 to monitor. collectionUsageThreshold = 489350752, usageThreshold = 489350752
2020-04-16 14:15:55,888 [Thread-9] WARN  org.apache.pig.data.SchemaTupleBackend - SchemaTupleBackend has already been initialized
2020-04-16 14:15:55,889 [Thread-9] INFO  org.apache.pig.backend.hadoop.executionengine.mapReduceLayer.PigMapOnly$Map - Aliases being processed per job phase (AliasName[line,offset]): M: RGB[16,6] C:  R: 
2020-04-16 14:15:55,890 [Thread-9] INFO  org.apache.hadoop.mapred.Task - Task:attempt_local_0002_m_000001_0 is done. And is in the process of commiting
2020-04-16 14:15:55,890 [Thread-9] INFO  org.apache.hadoop.mapred.LocalJobRunner - 
2020-04-16 14:15:55,891 [Thread-9] INFO  org.apache.hadoop.mapred.Task - Task attempt_local_0002_m_000001_0 is allowed to commit now
2020-04-16 14:15:55,904 [Thread-9] INFO  org.apache.hadoop.mapreduce.lib.output.FileOutputCommitter - Saved output of task 'attempt_local_0002_m_000001_0' to file:/tmp/temp-547735358/tmp600427872
2020-04-16 14:15:55,904 [Thread-9] INFO  org.apache.hadoop.mapred.LocalJobRunner - 
2020-04-16 14:15:55,905 [Thread-9] INFO  org.apache.hadoop.mapred.Task - Task 'attempt_local_0002_m_000001_0' done.
2020-04-16 14:15:55,922 [Thread-9] INFO  org.apache.hadoop.mapred.Task -  Using ResourceCalculatorPlugin : org.apache.hadoop.util.LinuxResourceCalculatorPlugin@7ea613fd
2020-04-16 14:15:55,923 [Thread-9] INFO  org.apache.pig.backend.hadoop.executionengine.mapReduceLayer.PigRecordReader - Current split being processed file:/tmp/temp-547735358/tmp-1550108845/part-r-00000:0+740
2020-04-16 14:15:55,925 [Thread-9] INFO  org.apache.pig.impl.util.SpillableMemoryManager - Selected heap (Tenured Gen) of size 699072512 to monitor. collectionUsageThreshold = 489350752, usageThreshold = 489350752
2020-04-16 14:15:55,925 [Thread-9] WARN  org.apache.pig.data.SchemaTupleBackend - SchemaTupleBackend has already been initialized
2020-04-16 14:15:55,941 [Thread-9] INFO  org.apache.pig.backend.hadoop.executionengine.mapReduceLayer.PigMapOnly$Map - Aliases being processed per job phase (AliasName[line,offset]): M: RGB[16,6] C:  R: 
2020-04-16 14:15:55,943 [Thread-9] INFO  org.apache.hadoop.mapred.Task - Task:attempt_local_0002_m_000002_0 is done. And is in the process of commiting
2020-04-16 14:15:55,943 [Thread-9] INFO  org.apache.hadoop.mapred.LocalJobRunner - 
2020-04-16 14:15:55,943 [Thread-9] INFO  org.apache.hadoop.mapred.Task - Task attempt_local_0002_m_000002_0 is allowed to commit now
2020-04-16 14:15:55,944 [Thread-9] INFO  org.apache.hadoop.mapreduce.lib.output.FileOutputCommitter - Saved output of task 'attempt_local_0002_m_000002_0' to file:/tmp/temp-547735358/tmp600427872
2020-04-16 14:15:56,268 [main] INFO  org.apache.pig.backend.hadoop.executionengine.mapReduceLayer.MapReduceLauncher - 33% complete
2020-04-16 14:15:56,268 [main] INFO  org.apache.pig.backend.hadoop.executionengine.mapReduceLayer.MapReduceLauncher - Running jobs are [job_local_0002]
2020-04-16 14:15:58,941 [Thread-9] INFO  org.apache.hadoop.mapred.LocalJobRunner - 
2020-04-16 14:15:58,941 [Thread-9] INFO  org.apache.hadoop.mapred.Task - Task 'attempt_local_0002_m_000002_0' done.
2020-04-16 14:15:59,269 [main] INFO  org.apache.pig.backend.hadoop.executionengine.mapReduceLayer.MapReduceLauncher - 50% complete
2020-04-16 14:15:59,270 [main] INFO  org.apache.pig.tools.pigstats.mapreduce.MRScriptState - Pig script settings are added to the job
2020-04-16 14:15:59,271 [main] INFO  org.apache.pig.backend.hadoop.executionengine.mapReduceLayer.JobControlCompiler - mapred.job.reduce.markreset.buffer.percent is not set, set to default 0.3
2020-04-16 14:15:59,271 [main] INFO  org.apache.pig.backend.hadoop.executionengine.mapReduceLayer.JobControlCompiler - Reduce phase detected, estimating # of required reducers.
2020-04-16 14:15:59,271 [main] INFO  org.apache.pig.backend.hadoop.executionengine.mapReduceLayer.JobControlCompiler - Using reducer estimator: org.apache.pig.backend.hadoop.executionengine.mapReduceLayer.InputSizeReducerEstimator
2020-04-16 14:15:59,272 [main] INFO  org.apache.pig.backend.hadoop.executionengine.mapReduceLayer.InputSizeReducerEstimator - BytesPerReducer=1000000000 maxReducers=999 totalInputFileSize=2387
2020-04-16 14:15:59,272 [main] INFO  org.apache.pig.backend.hadoop.executionengine.mapReduceLayer.JobControlCompiler - Setting Parallelism to 1
2020-04-16 14:15:59,273 [main] INFO  org.apache.pig.backend.hadoop.executionengine.mapReduceLayer.JobControlCompiler - Setting up single store job
2020-04-16 14:15:59,292 [main] INFO  org.apache.pig.backend.hadoop.executionengine.mapReduceLayer.MapReduceLauncher - 1 map-reduce job(s) waiting for submission.
2020-04-16 14:15:59,297 [JobControl] WARN  org.apache.hadoop.mapred.JobClient - No job jar file set.  User classes may not be found. See JobConf(Class) or JobConf#setJar(String).
2020-04-16 14:15:59,308 [JobControl] INFO  org.apache.hadoop.mapreduce.lib.input.FileInputFormat - Total input paths to process : 3
2020-04-16 14:15:59,308 [JobControl] INFO  org.apache.pig.backend.hadoop.executionengine.util.MapRedUtil - Total input paths to process : 3
2020-04-16 14:15:59,308 [JobControl] INFO  org.apache.pig.backend.hadoop.executionengine.util.MapRedUtil - Total input paths (combined) to process : 1
2020-04-16 14:15:59,368 [Thread-11] INFO  org.apache.hadoop.mapred.Task -  Using ResourceCalculatorPlugin : org.apache.hadoop.util.LinuxResourceCalculatorPlugin@17abbe5c
2020-04-16 14:15:59,369 [Thread-11] INFO  org.apache.pig.backend.hadoop.executionengine.mapReduceLayer.PigRecordReader - Current split being processed file:/tmp/temp-547735358/tmp600427872/part-m-00000:0+832
2020-04-16 14:15:59,370 [Thread-11] INFO  org.apache.hadoop.mapred.MapTask - io.sort.mb = 100
2020-04-16 14:15:59,435 [Thread-11] INFO  org.apache.hadoop.mapred.MapTask - data buffer = 79691776/99614720
2020-04-16 14:15:59,436 [Thread-11] INFO  org.apache.hadoop.mapred.MapTask - record buffer = 262144/327680
2020-04-16 14:15:59,453 [Thread-11] INFO  org.apache.pig.impl.util.SpillableMemoryManager - Selected heap (Tenured Gen) of size 699072512 to monitor. collectionUsageThreshold = 489350752, usageThreshold = 489350752
2020-04-16 14:15:59,453 [Thread-11] WARN  org.apache.pig.data.SchemaTupleBackend - SchemaTupleBackend has already been initialized
2020-04-16 14:15:59,457 [Thread-11] INFO  org.apache.pig.backend.hadoop.executionengine.mapReduceLayer.PigGenericMapReduce$Map - Aliases being processed per job phase (AliasName[line,offset]): M: result[18,9] C:  R: 
2020-04-16 14:15:59,462 [Thread-11] INFO  org.apache.pig.backend.hadoop.executionengine.mapReduceLayer.PigRecordReader - Current split being processed file:/tmp/temp-547735358/tmp600427872/part-m-00001:0+815
2020-04-16 14:15:59,472 [Thread-11] INFO  org.apache.pig.backend.hadoop.executionengine.mapReduceLayer.PigRecordReader - Current split being processed file:/tmp/temp-547735358/tmp600427872/part-m-00002:0+740
2020-04-16 14:15:59,474 [Thread-11] INFO  org.apache.hadoop.mapred.MapTask - Starting flush of map output
2020-04-16 14:15:59,510 [Thread-11] INFO  org.apache.hadoop.mapred.MapTask - Finished spill 0
2020-04-16 14:15:59,512 [Thread-11] INFO  org.apache.hadoop.mapred.Task - Task:attempt_local_0003_m_000000_0 is done. And is in the process of commiting
2020-04-16 14:15:59,792 [main] INFO  org.apache.pig.backend.hadoop.executionengine.mapReduceLayer.MapReduceLauncher - HadoopJobId: job_local_0003
2020-04-16 14:15:59,792 [main] INFO  org.apache.pig.backend.hadoop.executionengine.mapReduceLayer.MapReduceLauncher - Processing aliases result
2020-04-16 14:15:59,792 [main] INFO  org.apache.pig.backend.hadoop.executionengine.mapReduceLayer.MapReduceLauncher - detailed locations: M: result[18,9] C:  R: 
2020-04-16 14:16:02,404 [Thread-11] INFO  org.apache.hadoop.mapred.LocalJobRunner - 
2020-04-16 14:16:02,404 [Thread-11] INFO  org.apache.hadoop.mapred.Task - Task 'attempt_local_0003_m_000000_0' done.
2020-04-16 14:16:02,408 [Thread-11] INFO  org.apache.hadoop.mapred.Task -  Using ResourceCalculatorPlugin : org.apache.hadoop.util.LinuxResourceCalculatorPlugin@23a879f3
2020-04-16 14:16:02,408 [Thread-11] INFO  org.apache.hadoop.mapred.LocalJobRunner - 
2020-04-16 14:16:02,409 [Thread-11] INFO  org.apache.hadoop.mapred.Merger - Merging 1 sorted segments
2020-04-16 14:16:02,409 [Thread-11] INFO  org.apache.hadoop.mapred.Merger - Down to the last merge-pass, with 1 segments left of total size: 5994 bytes
2020-04-16 14:16:02,409 [Thread-11] INFO  org.apache.hadoop.mapred.LocalJobRunner - 
2020-04-16 14:16:02,410 [Thread-11] INFO  org.apache.pig.impl.util.SpillableMemoryManager - Selected heap (Tenured Gen) of size 699072512 to monitor. collectionUsageThreshold = 489350752, usageThreshold = 489350752
2020-04-16 14:16:02,411 [Thread-11] WARN  org.apache.pig.data.SchemaTupleBackend - SchemaTupleBackend has already been initialized
2020-04-16 14:16:02,417 [Thread-11] INFO  org.apache.pig.backend.hadoop.executionengine.mapReduceLayer.PigMapReduce$Reduce - Aliases being processed per job phase (AliasName[line,offset]): M: result[18,9] C:  R: 
2020-04-16 14:16:02,438 [Thread-11] INFO  org.apache.hadoop.mapred.Task - Task:attempt_local_0003_r_000000_0 is done. And is in the process of commiting
2020-04-16 14:16:02,439 [Thread-11] INFO  org.apache.hadoop.mapred.LocalJobRunner - 
2020-04-16 14:16:02,439 [Thread-11] INFO  org.apache.hadoop.mapred.Task - Task attempt_local_0003_r_000000_0 is allowed to commit now
2020-04-16 14:16:02,440 [Thread-11] INFO  org.apache.hadoop.mapreduce.lib.output.FileOutputCommitter - Saved output of task 'attempt_local_0003_r_000000_0' to file:/tmp/temp-547735358/tmp1722818228
2020-04-16 14:16:02,446 [Thread-11] INFO  org.apache.hadoop.mapred.LocalJobRunner - reduce > reduce
2020-04-16 14:16:02,447 [Thread-11] INFO  org.apache.hadoop.mapred.Task - Task 'attempt_local_0003_r_000000_0' done.
2020-04-16 14:16:02,794 [main] INFO  org.apache.pig.backend.hadoop.executionengine.mapReduceLayer.MapReduceLauncher - 75% complete
2020-04-16 14:16:02,796 [main] INFO  org.apache.pig.tools.pigstats.mapreduce.MRScriptState - Pig script settings are added to the job
2020-04-16 14:16:02,796 [main] INFO  org.apache.pig.backend.hadoop.executionengine.mapReduceLayer.JobControlCompiler - mapred.job.reduce.markreset.buffer.percent is not set, set to default 0.3
2020-04-16 14:16:02,796 [main] INFO  org.apache.pig.backend.hadoop.executionengine.mapReduceLayer.JobControlCompiler - Reduce phase detected, estimating # of required reducers.
2020-04-16 14:16:02,796 [main] INFO  org.apache.pig.backend.hadoop.executionengine.mapReduceLayer.JobControlCompiler - Setting Parallelism to 1
2020-04-16 14:16:02,797 [main] INFO  org.apache.pig.backend.hadoop.executionengine.mapReduceLayer.JobControlCompiler - Setting up single store job
2020-04-16 14:16:02,804 [main] INFO  org.apache.pig.backend.hadoop.executionengine.mapReduceLayer.MapReduceLauncher - 1 map-reduce job(s) waiting for submission.
2020-04-16 14:16:02,828 [JobControl] WARN  org.apache.hadoop.mapred.JobClient - No job jar file set.  User classes may not be found. See JobConf(Class) or JobConf#setJar(String).
2020-04-16 14:16:02,847 [JobControl] INFO  org.apache.hadoop.mapreduce.lib.input.FileInputFormat - Total input paths to process : 3
2020-04-16 14:16:02,847 [JobControl] INFO  org.apache.pig.backend.hadoop.executionengine.util.MapRedUtil - Total input paths to process : 3
2020-04-16 14:16:02,847 [JobControl] INFO  org.apache.pig.backend.hadoop.executionengine.util.MapRedUtil - Total input paths (combined) to process : 1
2020-04-16 14:16:02,898 [Thread-14] INFO  org.apache.hadoop.mapred.Task -  Using ResourceCalculatorPlugin : org.apache.hadoop.util.LinuxResourceCalculatorPlugin@ea2c402
2020-04-16 14:16:02,900 [Thread-14] INFO  org.apache.pig.backend.hadoop.executionengine.mapReduceLayer.PigRecordReader - Current split being processed file:/tmp/temp-547735358/tmp600427872/part-m-00000:0+832
2020-04-16 14:16:02,900 [Thread-14] INFO  org.apache.hadoop.mapred.MapTask - io.sort.mb = 100
2020-04-16 14:16:02,972 [Thread-14] INFO  org.apache.hadoop.mapred.MapTask - data buffer = 79691776/99614720
2020-04-16 14:16:02,972 [Thread-14] INFO  org.apache.hadoop.mapred.MapTask - record buffer = 262144/327680
2020-04-16 14:16:02,975 [Thread-14] INFO  org.apache.pig.impl.util.SpillableMemoryManager - Selected heap (Tenured Gen) of size 699072512 to monitor. collectionUsageThreshold = 489350752, usageThreshold = 489350752
2020-04-16 14:16:02,975 [Thread-14] WARN  org.apache.pig.data.SchemaTupleBackend - SchemaTupleBackend has already been initialized
2020-04-16 14:16:02,976 [Thread-14] INFO  org.apache.pig.backend.hadoop.executionengine.mapReduceLayer.PigGenericMapReduce$Map - Aliases being processed per job phase (AliasName[line,offset]): M: result[18,9] C:  R: 
2020-04-16 14:16:02,976 [Thread-14] WARN  org.apache.pig.data.SchemaTupleBackend - SchemaTupleBackend has already been initialized
2020-04-16 14:16:02,977 [Thread-14] INFO  org.apache.hadoop.mapreduce.lib.input.FileInputFormat - Total input paths to process : 1
2020-04-16 14:16:02,977 [Thread-14] INFO  org.apache.pig.backend.hadoop.executionengine.util.MapRedUtil - Total input paths to process : 1
2020-04-16 14:16:02,986 [Thread-14] INFO  org.apache.pig.backend.hadoop.executionengine.mapReduceLayer.PigRecordReader - Current split being processed file:/tmp/temp-547735358/tmp600427872/part-m-00001:0+815
2020-04-16 14:16:02,990 [Thread-14] INFO  org.apache.pig.backend.hadoop.executionengine.mapReduceLayer.PigRecordReader - Current split being processed file:/tmp/temp-547735358/tmp600427872/part-m-00002:0+740
2020-04-16 14:16:02,992 [Thread-14] INFO  org.apache.hadoop.mapred.MapTask - Starting flush of map output
2020-04-16 14:16:02,995 [Thread-14] INFO  org.apache.hadoop.mapred.MapTask - Finished spill 0
2020-04-16 14:16:03,011 [Thread-14] INFO  org.apache.hadoop.mapred.Task - Task:attempt_local_0004_m_000000_0 is done. And is in the process of commiting
2020-04-16 14:16:03,325 [main] INFO  org.apache.pig.backend.hadoop.executionengine.mapReduceLayer.MapReduceLauncher - HadoopJobId: job_local_0004
2020-04-16 14:16:03,326 [main] INFO  org.apache.pig.backend.hadoop.executionengine.mapReduceLayer.MapReduceLauncher - Processing aliases result
2020-04-16 14:16:03,326 [main] INFO  org.apache.pig.backend.hadoop.executionengine.mapReduceLayer.MapReduceLauncher - detailed locations: M: result[18,9] C:  R: 
2020-04-16 14:16:05,948 [Thread-14] INFO  org.apache.hadoop.mapred.LocalJobRunner - 
2020-04-16 14:16:05,948 [Thread-14] INFO  org.apache.hadoop.mapred.Task - Task 'attempt_local_0004_m_000000_0' done.
2020-04-16 14:16:05,956 [Thread-14] INFO  org.apache.hadoop.mapred.Task -  Using ResourceCalculatorPlugin : org.apache.hadoop.util.LinuxResourceCalculatorPlugin@1da572e2
2020-04-16 14:16:05,956 [Thread-14] INFO  org.apache.hadoop.mapred.LocalJobRunner - 
2020-04-16 14:16:05,957 [Thread-14] INFO  org.apache.hadoop.mapred.Merger - Merging 1 sorted segments
2020-04-16 14:16:05,957 [Thread-14] INFO  org.apache.hadoop.mapred.Merger - Down to the last merge-pass, with 1 segments left of total size: 3421 bytes
2020-04-16 14:16:05,957 [Thread-14] INFO  org.apache.hadoop.mapred.LocalJobRunner - 
2020-04-16 14:16:05,969 [Thread-14] INFO  org.apache.pig.impl.util.SpillableMemoryManager - Selected heap (Tenured Gen) of size 699072512 to monitor. collectionUsageThreshold = 489350752, usageThreshold = 489350752
2020-04-16 14:16:05,969 [Thread-14] WARN  org.apache.pig.data.SchemaTupleBackend - SchemaTupleBackend has already been initialized
2020-04-16 14:16:05,975 [Thread-14] INFO  org.apache.pig.backend.hadoop.executionengine.mapReduceLayer.PigMapReduce$Reduce - Aliases being processed per job phase (AliasName[line,offset]): M: result[18,9] C:  R: 
2020-04-16 14:16:06,011 [Thread-14] INFO  org.apache.hadoop.mapred.Task - Task:attempt_local_0004_r_000000_0 is done. And is in the process of commiting
2020-04-16 14:16:06,012 [Thread-14] INFO  org.apache.hadoop.mapred.LocalJobRunner - 
2020-04-16 14:16:06,012 [Thread-14] INFO  org.apache.hadoop.mapred.Task - Task attempt_local_0004_r_000000_0 is allowed to commit now
2020-04-16 14:16:06,018 [Thread-14] INFO  org.apache.hadoop.mapreduce.lib.output.FileOutputCommitter - Saved output of task 'attempt_local_0004_r_000000_0' to file:/home/mxm9337/project6/output
2020-04-16 14:16:06,330 [main] INFO  org.apache.pig.backend.hadoop.executionengine.mapReduceLayer.MapReduceLauncher - 87% complete
2020-04-16 14:16:06,330 [main] INFO  org.apache.pig.backend.hadoop.executionengine.mapReduceLayer.MapReduceLauncher - Running jobs are [job_local_0004]
2020-04-16 14:16:08,963 [Thread-14] INFO  org.apache.hadoop.mapred.LocalJobRunner - reduce > reduce
2020-04-16 14:16:08,964 [Thread-14] INFO  org.apache.hadoop.mapred.Task - Task 'attempt_local_0004_r_000000_0' done.
2020-04-16 14:16:09,333 [main] INFO  org.apache.pig.backend.hadoop.executionengine.mapReduceLayer.MapReduceLauncher - 100% complete
2020-04-16 14:16:09,336 [main] INFO  org.apache.pig.tools.pigstats.mapreduce.SimplePigStats - Script Statistics: 

HadoopVersion	PigVersion	UserId	StartedAt	FinishedAt	Features
1.0.4	0.16.0	mxm9337	2020-04-16 14:15:45	2020-04-16 14:16:09	GROUP_BY,ORDER_BY,UNION

Success!

Job Stats (time in seconds):
JobId	Maps	Reduces	MaxMapTime	MinMapTime	AvgMapTime	MedianMapTime	MaxReduceTime	MinReduceTime	AvgReduceTime	MedianReducetime	Alias	Feature	Outputs
job_local_0001	1	1	n/a	n/a	n/a	n/a	n/a	n/a	n/a	n/a	B,G,R,blue_pixels,green_pixels,pixels,red_pixels	MULTI_QUERY,COMBINER	
job_local_0002	1	0	n/a	n/a	n/a	n/a	0	0	0	0	RGB	MAP_ONLY	
job_local_0003	1	1	n/a	n/a	n/a	n/a	n/a	n/a	n/a	n/a	result	SAMPLER	
job_local_0004	1	1	n/a	n/a	n/a	n/a	n/a	n/a	n/a	n/a	result	ORDER_BY	file:///home/mxm9337/project6/output,

Input(s):
Successfully read 100 records from: "file:///home/mxm9337/project6/pixels-small.txt"

Output(s):
Successfully stored 258 records in: "file:///home/mxm9337/project6/output"

Counters:
Total records written : 258
Total bytes written : 0
Spillable Memory Manager spill count : 0
Total bags proactively spilled: 0
Total records proactively spilled: 0

Job DAG:
job_local_0001	->	job_local_0002,
job_local_0002	->	job_local_0003,
job_local_0003	->	job_local_0004,
job_local_0004


2020-04-16 14:16:09,339 [main] INFO  org.apache.pig.backend.hadoop.executionengine.mapReduceLayer.MapReduceLauncher - Success!
2020-04-16 14:16:09,359 [main] INFO  org.apache.pig.Main - Pig script completed in 25 seconds and 175 milliseconds (25175 ms)
